20:56:16 [AWT] INFO  Log file: C:\文件\ME\AISCI\Dr.Researcher\projects\aisafety-cifar10-attack\workspace\results\logs\AWT_20260611_205616.log
20:56:16 [AWT] INFO  Resume: 1/8 done
20:56:16 [AWT] INFO  device=cuda
20:56:16 [AWT] INFO  Building AWT ensemble (primary unfrozen for SAM) ...
20:56:19 [AWT] INFO    [AWT] Loading CNN surrogate pyramidnet164_a270_bn_cifar10 ...
20:56:20 [AWT] INFO    [AWT] Loading CNN surrogate wrn16_10_cifar10 ...
20:56:21 [AWT] INFO    [AWT] Loading ViT surrogate vit_hf_nateraw ...
20:56:34 [AWT] INFO    [AWT] Loading ViT surrogate vit_timm_edadaltocg ...
20:56:39 [AWT] INFO    [AWT] Loading robust surrogate robust_engstrom ...
20:56:40 [AWT] INFO    [AWT] Loading robust surrogate robust_rade_r18_extra ...
20:56:40 [AWT] INFO    [AWT] Loading robust surrogate robust_rebuffi_70_16_cutmix_extra ...
20:56:43 [AWT] INFO    [AWT] Loading robust surrogate robust_xcit_s12 ...
20:56:44 [AWT] INFO    [AWT] Mixed ensemble ready (8 models)
20:56:44 [AWT] INFO  Loading data ...
20:56:45 [AWT] INFO  Images to process: 7
21:00:19 [AWT] INFO  progress 2/8 (25.00%) -> C:\文件\ME\AISCI\Dr.Researcher\projects\aisafety-cifar10-attack\workspace\results\progress\awt_adv_awt_mixed_smoke20_r4.jsonl
21:00:19 [AWT] DEBUG  Saved batch [1:2] (1 imgs)
21:03:36 [AWT] INFO  progress 3/8 (37.50%) -> C:\文件\ME\AISCI\Dr.Researcher\projects\aisafety-cifar10-attack\workspace\results\progress\awt_adv_awt_mixed_smoke20_r4.jsonl
21:03:36 [AWT] DEBUG  Saved batch [2:3] (1 imgs)
21:12:26 [AWT] INFO  progress 4/8 (50.00%) -> C:\文件\ME\AISCI\Dr.Researcher\projects\aisafety-cifar10-attack\workspace\results\progress\awt_adv_awt_mixed_smoke20_r4.jsonl
21:12:26 [AWT] DEBUG  Saved batch [3:4] (1 imgs)
21:15:45 [AWT] INFO  progress 5/8 (62.50%) -> C:\文件\ME\AISCI\Dr.Researcher\projects\aisafety-cifar10-attack\workspace\results\progress\awt_adv_awt_mixed_smoke20_r4.jsonl
21:15:45 [AWT] DEBUG  Saved batch [4:5] (1 imgs)
