20:55:51 [DIVERSE_VIT] INFO  Log file: C:\文件\ME\AISCI\Dr.Researcher\projects\aisafety-cifar10-attack\workspace\results\logs\DIVERSE_VIT_20260611_205551.log
20:55:51 [DIVERSE_VIT] INFO  device=cuda
20:55:51 [DIVERSE_VIT] INFO  out_dir=results\adv_diverse_robust_smoke20_r4
20:55:51 [DIVERSE_VIT] INFO  steps=20 batch_size=1 eot=1
20:55:51 [DIVERSE_VIT] INFO  cnn_count=0 vit_surrogates=none robust_surrogates=robust_engstrom,robust_rade_r18_extra,robust_rebuffi_70_16_cutmix_extra,robust_xcit_s12
20:55:51 [DIVERSE_VIT] INFO  weight_floor=0.08 weight_temp=5.0
20:55:54 [DIVERSE_VIT] INFO    Loading robust surrogate robust_engstrom ...
20:55:58 [DIVERSE_VIT] INFO    Loading robust surrogate robust_rade_r18_extra ...
20:55:58 [DIVERSE_VIT] INFO    Loading robust surrogate robust_rebuffi_70_16_cutmix_extra ...
20:56:00 [DIVERSE_VIT] INFO    Loading robust surrogate robust_xcit_s12 ...
20:56:00 [DIVERSE_VIT] INFO  Attack pool ready: 4 models (robust_engstrom, robust_rade_r18_extra, robust_rebuffi_70_16_cutmix_extra, robust_xcit_s12)
20:56:01 [DIVERSE_VIT] INFO  Images to process: 8/8
20:56:10 [DIVERSE_VIT] INFO  progress 1/8 (12.50%) -> C:\文件\ME\AISCI\Dr.Researcher\projects\aisafety-cifar10-attack\workspace\results\progress\diverse_vit_adv_diverse_robust_smoke20_r4.jsonl
20:56:10 [DIVERSE_VIT] INFO  Saved batch [0:1]
20:56:18 [DIVERSE_VIT] INFO  progress 2/8 (25.00%) -> C:\文件\ME\AISCI\Dr.Researcher\projects\aisafety-cifar10-attack\workspace\results\progress\diverse_vit_adv_diverse_robust_smoke20_r4.jsonl
20:56:18 [DIVERSE_VIT] INFO  Saved batch [1:2]
20:56:26 [DIVERSE_VIT] INFO  progress 3/8 (37.50%) -> C:\文件\ME\AISCI\Dr.Researcher\projects\aisafety-cifar10-attack\workspace\results\progress\diverse_vit_adv_diverse_robust_smoke20_r4.jsonl
20:56:26 [DIVERSE_VIT] INFO  Saved batch [2:3]
20:56:33 [DIVERSE_VIT] INFO  progress 4/8 (50.00%) -> C:\文件\ME\AISCI\Dr.Researcher\projects\aisafety-cifar10-attack\workspace\results\progress\diverse_vit_adv_diverse_robust_smoke20_r4.jsonl
20:56:33 [DIVERSE_VIT] INFO  Saved batch [3:4]
20:56:42 [DIVERSE_VIT] INFO  progress 5/8 (62.50%) -> C:\文件\ME\AISCI\Dr.Researcher\projects\aisafety-cifar10-attack\workspace\results\progress\diverse_vit_adv_diverse_robust_smoke20_r4.jsonl
20:56:42 [DIVERSE_VIT] INFO  Saved batch [4:5]
20:56:54 [DIVERSE_VIT] INFO  progress 6/8 (75.00%) -> C:\文件\ME\AISCI\Dr.Researcher\projects\aisafety-cifar10-attack\workspace\results\progress\diverse_vit_adv_diverse_robust_smoke20_r4.jsonl
20:56:54 [DIVERSE_VIT] INFO  Saved batch [5:6]
20:57:06 [DIVERSE_VIT] INFO  progress 7/8 (87.50%) -> C:\文件\ME\AISCI\Dr.Researcher\projects\aisafety-cifar10-attack\workspace\results\progress\diverse_vit_adv_diverse_robust_smoke20_r4.jsonl
20:57:06 [DIVERSE_VIT] INFO  Saved batch [6:7]
20:57:19 [DIVERSE_VIT] INFO  progress 8/8 (100.00%) -> C:\文件\ME\AISCI\Dr.Researcher\projects\aisafety-cifar10-attack\workspace\results\progress\diverse_vit_adv_diverse_robust_smoke20_r4.jsonl
20:57:19 [DIVERSE_VIT] INFO  Saved batch [7:8]
20:57:19 [DIVERSE_VIT] INFO  Done. 8 PNGs in results\adv_diverse_robust_smoke20_r4
