20:01:50 [DIVERSE_VIT] INFO  Log file: C:\文件\ME\AISCI\Dr.Researcher\projects\aisafety-cifar10-attack\workspace\results\logs\DIVERSE_VIT_20260611_200150.log
20:01:50 [DIVERSE_VIT] INFO  device=cuda
20:01:50 [DIVERSE_VIT] INFO  out_dir=workspace\results\adv_diverse_mixed_probe4
20:01:50 [DIVERSE_VIT] INFO  steps=5 batch_size=1 eot=1
20:01:50 [DIVERSE_VIT] INFO  cnn_count=3 vit_surrogates=vit_hf_nateraw,vit_timm_edadaltocg robust_surrogates=light3
20:01:50 [DIVERSE_VIT] INFO  weight_floor=0.08 weight_temp=5.0
20:01:58 [DIVERSE_VIT] INFO    Loading CNN surrogate pyramidnet164_a270_bn_cifar10 ...
20:02:01 [DIVERSE_VIT] INFO    Loading CNN surrogate wrn16_10_cifar10 ...
20:02:02 [DIVERSE_VIT] INFO    Loading CNN surrogate densenet190_k40_bc_cifar10 ...
20:02:03 [DIVERSE_VIT] INFO    Loading ViT surrogate vit_hf_nateraw ...
20:02:53 [DIVERSE_VIT] INFO    Loading ViT surrogate vit_timm_edadaltocg ...
20:02:55 [DIVERSE_VIT] INFO    Loading robust surrogate robust_engstrom ...
20:02:57 [DIVERSE_VIT] INFO    Loading robust surrogate robust_rade_r18_extra ...
20:02:58 [DIVERSE_VIT] INFO    Loading robust surrogate robust_xcit_s12 ...
20:02:59 [DIVERSE_VIT] INFO  Attack pool ready: 8 models (pyramidnet164_a270_bn_cifar10, wrn16_10_cifar10, densenet190_k40_bc_cifar10, vit_hf_nateraw, vit_timm_edadaltocg, robust_engstrom, robust_rade_r18_extra, robust_xcit_s12)
20:03:01 [DIVERSE_VIT] INFO  Images to process: 4/4
20:03:36 [DIVERSE_VIT] INFO  progress 1/4 (25.00%) -> C:\文件\ME\AISCI\Dr.Researcher\projects\aisafety-cifar10-attack\workspace\results\progress\diverse_vit_adv_diverse_mixed_probe4.jsonl
20:03:36 [DIVERSE_VIT] INFO  Saved batch [0:1]
20:03:59 [DIVERSE_VIT] INFO  progress 2/4 (50.00%) -> C:\文件\ME\AISCI\Dr.Researcher\projects\aisafety-cifar10-attack\workspace\results\progress\diverse_vit_adv_diverse_mixed_probe4.jsonl
20:03:59 [DIVERSE_VIT] INFO  Saved batch [1:2]
20:04:21 [DIVERSE_VIT] INFO  progress 3/4 (75.00%) -> C:\文件\ME\AISCI\Dr.Researcher\projects\aisafety-cifar10-attack\workspace\results\progress\diverse_vit_adv_diverse_mixed_probe4.jsonl
20:04:21 [DIVERSE_VIT] INFO  Saved batch [2:3]
20:04:39 [DIVERSE_VIT] INFO  progress 4/4 (100.00%) -> C:\文件\ME\AISCI\Dr.Researcher\projects\aisafety-cifar10-attack\workspace\results\progress\diverse_vit_adv_diverse_mixed_probe4.jsonl
20:04:39 [DIVERSE_VIT] INFO  Saved batch [3:4]
20:04:39 [DIVERSE_VIT] INFO  Done. 4 PNGs in workspace\results\adv_diverse_mixed_probe4
