20:07:22 [DIVERSE_VIT] INFO  Log file: C:\文件\ME\AISCI\Dr.Researcher\projects\aisafety-cifar10-attack\workspace\results\logs\DIVERSE_VIT_20260611_200722.log
20:07:22 [DIVERSE_VIT] INFO  device=cuda
20:07:22 [DIVERSE_VIT] INFO  out_dir=workspace\results\adv_diverse_mixed_probe4
20:07:22 [DIVERSE_VIT] INFO  steps=5 batch_size=1 eot=1
20:07:22 [DIVERSE_VIT] INFO  cnn_count=3 vit_surrogates=vit_hf_nateraw,vit_timm_edadaltocg robust_surrogates=light3
20:07:22 [DIVERSE_VIT] INFO  weight_floor=0.08 weight_temp=5.0
20:07:25 [DIVERSE_VIT] INFO    Loading CNN surrogate pyramidnet164_a270_bn_cifar10 ...
20:07:26 [DIVERSE_VIT] INFO    Loading CNN surrogate wrn16_10_cifar10 ...
20:07:26 [DIVERSE_VIT] INFO    Loading CNN surrogate densenet190_k40_bc_cifar10 ...
20:07:27 [DIVERSE_VIT] INFO    Loading ViT surrogate vit_hf_nateraw ...
20:07:40 [DIVERSE_VIT] INFO    Loading ViT surrogate vit_timm_edadaltocg ...
20:07:41 [DIVERSE_VIT] INFO    Loading robust surrogate robust_engstrom ...
20:07:42 [DIVERSE_VIT] INFO    Loading robust surrogate robust_rade_r18_extra ...
20:07:43 [DIVERSE_VIT] INFO    Loading robust surrogate robust_xcit_s12 ...
20:07:43 [DIVERSE_VIT] INFO  Attack pool ready: 8 models (pyramidnet164_a270_bn_cifar10, wrn16_10_cifar10, densenet190_k40_bc_cifar10, vit_hf_nateraw, vit_timm_edadaltocg, robust_engstrom, robust_rade_r18_extra, robust_xcit_s12)
20:07:44 [DIVERSE_VIT] INFO  Images to process: 4/8
20:07:50 [DIVERSE_VIT] INFO  progress 5/8 (62.50%) -> C:\文件\ME\AISCI\Dr.Researcher\projects\aisafety-cifar10-attack\workspace\results\progress\diverse_vit_adv_diverse_mixed_probe4.jsonl
20:07:50 [DIVERSE_VIT] INFO  Saved batch [4:5]
20:07:54 [DIVERSE_VIT] INFO  progress 6/8 (75.00%) -> C:\文件\ME\AISCI\Dr.Researcher\projects\aisafety-cifar10-attack\workspace\results\progress\diverse_vit_adv_diverse_mixed_probe4.jsonl
20:07:54 [DIVERSE_VIT] INFO  Saved batch [5:6]
20:07:58 [DIVERSE_VIT] INFO  progress 7/8 (87.50%) -> C:\文件\ME\AISCI\Dr.Researcher\projects\aisafety-cifar10-attack\workspace\results\progress\diverse_vit_adv_diverse_mixed_probe4.jsonl
20:07:58 [DIVERSE_VIT] INFO  Saved batch [6:7]
20:08:02 [DIVERSE_VIT] INFO  progress 8/8 (100.00%) -> C:\文件\ME\AISCI\Dr.Researcher\projects\aisafety-cifar10-attack\workspace\results\progress\diverse_vit_adv_diverse_mixed_probe4.jsonl
20:08:02 [DIVERSE_VIT] INFO  Saved batch [7:8]
20:08:02 [DIVERSE_VIT] INFO  Done. 8 PNGs in workspace\results\adv_diverse_mixed_probe4
