20:15:28 [DIVERSE_VIT] INFO  Log file: C:\文件\ME\AISCI\Dr.Researcher\projects\aisafety-cifar10-attack\workspace\results\logs\DIVERSE_VIT_20260611_201528.log
20:15:28 [DIVERSE_VIT] INFO  device=cuda
20:15:28 [DIVERSE_VIT] INFO  out_dir=workspace\results\adv_diverse_mixed_smoke20_r4
20:15:28 [DIVERSE_VIT] INFO  steps=20 batch_size=1 eot=1
20:15:28 [DIVERSE_VIT] INFO  cnn_count=2 vit_surrogates=vit_hf_nateraw,vit_timm_edadaltocg robust_surrogates=robust_engstrom,robust_rade_r18_extra,robust_rebuffi_70_16_cutmix_extra,robust_xcit_s12
20:15:28 [DIVERSE_VIT] INFO  weight_floor=0.08 weight_temp=5.0
20:15:31 [DIVERSE_VIT] INFO    Loading CNN surrogate pyramidnet164_a270_bn_cifar10 ...
20:15:32 [DIVERSE_VIT] INFO    Loading CNN surrogate wrn16_10_cifar10 ...
20:15:32 [DIVERSE_VIT] INFO    Loading ViT surrogate vit_hf_nateraw ...
20:15:43 [DIVERSE_VIT] INFO    Loading ViT surrogate vit_timm_edadaltocg ...
20:15:45 [DIVERSE_VIT] INFO    Loading robust surrogate robust_engstrom ...
20:15:46 [DIVERSE_VIT] INFO    Loading robust surrogate robust_rade_r18_extra ...
20:15:46 [DIVERSE_VIT] INFO    Loading robust surrogate robust_rebuffi_70_16_cutmix_extra ...
20:15:49 [DIVERSE_VIT] INFO    Loading robust surrogate robust_xcit_s12 ...
20:15:49 [DIVERSE_VIT] INFO  Attack pool ready: 8 models (pyramidnet164_a270_bn_cifar10, wrn16_10_cifar10, vit_hf_nateraw, vit_timm_edadaltocg, robust_engstrom, robust_rade_r18_extra, robust_rebuffi_70_16_cutmix_extra, robust_xcit_s12)
20:15:49 [DIVERSE_VIT] INFO  Images to process: 8/8
20:16:06 [DIVERSE_VIT] INFO  progress 1/8 (12.50%) -> C:\文件\ME\AISCI\Dr.Researcher\projects\aisafety-cifar10-attack\workspace\results\progress\diverse_vit_adv_diverse_mixed_smoke20_r4.jsonl
20:16:06 [DIVERSE_VIT] INFO  Saved batch [0:1]
20:16:20 [DIVERSE_VIT] INFO  progress 2/8 (25.00%) -> C:\文件\ME\AISCI\Dr.Researcher\projects\aisafety-cifar10-attack\workspace\results\progress\diverse_vit_adv_diverse_mixed_smoke20_r4.jsonl
20:16:20 [DIVERSE_VIT] INFO  Saved batch [1:2]
20:16:34 [DIVERSE_VIT] INFO  progress 3/8 (37.50%) -> C:\文件\ME\AISCI\Dr.Researcher\projects\aisafety-cifar10-attack\workspace\results\progress\diverse_vit_adv_diverse_mixed_smoke20_r4.jsonl
20:16:34 [DIVERSE_VIT] INFO  Saved batch [2:3]
20:16:49 [DIVERSE_VIT] INFO  progress 4/8 (50.00%) -> C:\文件\ME\AISCI\Dr.Researcher\projects\aisafety-cifar10-attack\workspace\results\progress\diverse_vit_adv_diverse_mixed_smoke20_r4.jsonl
20:16:49 [DIVERSE_VIT] INFO  Saved batch [3:4]
20:17:05 [DIVERSE_VIT] INFO  progress 5/8 (62.50%) -> C:\文件\ME\AISCI\Dr.Researcher\projects\aisafety-cifar10-attack\workspace\results\progress\diverse_vit_adv_diverse_mixed_smoke20_r4.jsonl
20:17:05 [DIVERSE_VIT] INFO  Saved batch [4:5]
20:17:21 [DIVERSE_VIT] INFO  progress 6/8 (75.00%) -> C:\文件\ME\AISCI\Dr.Researcher\projects\aisafety-cifar10-attack\workspace\results\progress\diverse_vit_adv_diverse_mixed_smoke20_r4.jsonl
20:17:21 [DIVERSE_VIT] INFO  Saved batch [5:6]
20:17:37 [DIVERSE_VIT] INFO  progress 7/8 (87.50%) -> C:\文件\ME\AISCI\Dr.Researcher\projects\aisafety-cifar10-attack\workspace\results\progress\diverse_vit_adv_diverse_mixed_smoke20_r4.jsonl
20:17:37 [DIVERSE_VIT] INFO  Saved batch [6:7]
20:17:54 [DIVERSE_VIT] INFO  progress 8/8 (100.00%) -> C:\文件\ME\AISCI\Dr.Researcher\projects\aisafety-cifar10-attack\workspace\results\progress\diverse_vit_adv_diverse_mixed_smoke20_r4.jsonl
20:17:54 [DIVERSE_VIT] INFO  Saved batch [7:8]
20:17:54 [DIVERSE_VIT] INFO  Done. 8 PNGs in workspace\results\adv_diverse_mixed_smoke20_r4
