20:44:17 [ILPD] INFO  Log file: C:\文件\ME\AISCI\Dr.Researcher\projects\aisafety-cifar10-attack\workspace\results\logs\ILPD_20260611_204417.log
20:44:17 [ILPD] INFO  Resume: 0/8 done
20:44:17 [ILPD] INFO  device=cuda
20:44:17 [ILPD] INFO  Building models ...
20:44:20 [ILPD] INFO    Loading pyramidnet164_a270_bn_cifar10 (primary) ...
20:44:21 [ILPD] INFO    Loading wrn16_10_cifar10 ...
20:44:22 [ILPD] INFO    Loading ViT surrogate vit_hf_nateraw ...
20:44:42 [ILPD] INFO    Loading ViT surrogate vit_timm_edadaltocg ...
20:44:47 [ILPD] INFO    Loading robust surrogate robust_engstrom ...
20:44:48 [ILPD] INFO    Loading robust surrogate robust_rade_r18_extra ...
20:44:48 [ILPD] INFO    Loading robust surrogate robust_rebuffi_70_16_cutmix_extra ...
20:44:51 [ILPD] INFO    Loading robust surrogate robust_xcit_s12 ...
20:44:52 [ILPD] INFO    Models ready: 1 primary + 7 extra
20:44:52 [ILPD] INFO  Loading data ...
20:44:52 [ILPD] INFO  Images to process: 8
20:45:01 [ILPD] INFO  progress 1/8 (12.50%) -> C:\文件\ME\AISCI\Dr.Researcher\projects\aisafety-cifar10-attack\workspace\results\progress\ilpd_adv_ilpd_mixed_smoke20_r4.jsonl
20:45:01 [ILPD] DEBUG  Saved batch [0:1] (1 imgs)
20:45:09 [ILPD] INFO  progress 2/8 (25.00%) -> C:\文件\ME\AISCI\Dr.Researcher\projects\aisafety-cifar10-attack\workspace\results\progress\ilpd_adv_ilpd_mixed_smoke20_r4.jsonl
20:45:09 [ILPD] DEBUG  Saved batch [1:2] (1 imgs)
20:45:16 [ILPD] INFO  progress 3/8 (37.50%) -> C:\文件\ME\AISCI\Dr.Researcher\projects\aisafety-cifar10-attack\workspace\results\progress\ilpd_adv_ilpd_mixed_smoke20_r4.jsonl
20:45:16 [ILPD] DEBUG  Saved batch [2:3] (1 imgs)
20:45:24 [ILPD] INFO  progress 4/8 (50.00%) -> C:\文件\ME\AISCI\Dr.Researcher\projects\aisafety-cifar10-attack\workspace\results\progress\ilpd_adv_ilpd_mixed_smoke20_r4.jsonl
20:45:24 [ILPD] DEBUG  Saved batch [3:4] (1 imgs)
20:45:31 [ILPD] INFO  progress 5/8 (62.50%) -> C:\文件\ME\AISCI\Dr.Researcher\projects\aisafety-cifar10-attack\workspace\results\progress\ilpd_adv_ilpd_mixed_smoke20_r4.jsonl
20:45:31 [ILPD] DEBUG  Saved batch [4:5] (1 imgs)
20:45:39 [ILPD] INFO  progress 6/8 (75.00%) -> C:\文件\ME\AISCI\Dr.Researcher\projects\aisafety-cifar10-attack\workspace\results\progress\ilpd_adv_ilpd_mixed_smoke20_r4.jsonl
20:45:39 [ILPD] DEBUG  Saved batch [5:6] (1 imgs)
20:45:46 [ILPD] INFO  progress 7/8 (87.50%) -> C:\文件\ME\AISCI\Dr.Researcher\projects\aisafety-cifar10-attack\workspace\results\progress\ilpd_adv_ilpd_mixed_smoke20_r4.jsonl
20:45:46 [ILPD] DEBUG  Saved batch [6:7] (1 imgs)
20:45:54 [ILPD] INFO  progress 8/8 (100.00%) -> C:\文件\ME\AISCI\Dr.Researcher\projects\aisafety-cifar10-attack\workspace\results\progress\ilpd_adv_ilpd_mixed_smoke20_r4.jsonl
20:45:54 [ILPD] DEBUG  Saved batch [7:8] (1 imgs)
20:45:54 [ILPD] INFO  Done. 8 images in results\adv_ilpd_mixed_smoke20_r4
