20:39:50 [PGD] INFO  Log file: C:\文件\ME\AISCI\Dr.Researcher\projects\aisafety-cifar10-attack\workspace\results\logs\PGD_20260611_203950.log
20:39:50 [PGD] INFO  device=cuda
20:39:50 [PGD] INFO  out_dir=workspace\results\adv_pgd_robust4_smoke20
20:39:50 [PGD] INFO  steps=20 batch_size=1 loss=ce random_start=False
20:39:50 [PGD] INFO  cnn_count=0 vit_surrogates=none robust_surrogates=robust_engstrom,robust_rade_r18_extra,robust_rebuffi_70_16_cutmix_extra,robust_xcit_s12
20:39:52 [PGD] INFO    Loading robust surrogate robust_engstrom ...
20:39:57 [PGD] INFO    Loading robust surrogate robust_rade_r18_extra ...
20:39:57 [PGD] INFO    Loading robust surrogate robust_rebuffi_70_16_cutmix_extra ...
20:40:01 [PGD] INFO    Loading robust surrogate robust_xcit_s12 ...
20:40:01 [PGD] INFO  Attack pool ready: 4 models (robust_engstrom, robust_rade_r18_extra, robust_rebuffi_70_16_cutmix_extra, robust_xcit_s12)
20:40:02 [PGD] INFO  Images to process: 8/8
20:40:10 [PGD] INFO  progress 1/8 (12.50%) -> C:\文件\ME\AISCI\Dr.Researcher\projects\aisafety-cifar10-attack\workspace\results\progress\pgd_adv_pgd_robust4_smoke20.jsonl
20:40:10 [PGD] INFO  Saved batch [0:1]; train_pool_asr=0.0000
20:40:16 [PGD] INFO  progress 2/8 (25.00%) -> C:\文件\ME\AISCI\Dr.Researcher\projects\aisafety-cifar10-attack\workspace\results\progress\pgd_adv_pgd_robust4_smoke20.jsonl
20:40:16 [PGD] INFO  Saved batch [1:2]; train_pool_asr=0.0000
20:40:22 [PGD] INFO  progress 3/8 (37.50%) -> C:\文件\ME\AISCI\Dr.Researcher\projects\aisafety-cifar10-attack\workspace\results\progress\pgd_adv_pgd_robust4_smoke20.jsonl
20:40:22 [PGD] INFO  Saved batch [2:3]; train_pool_asr=0.7500
20:40:28 [PGD] INFO  progress 4/8 (50.00%) -> C:\文件\ME\AISCI\Dr.Researcher\projects\aisafety-cifar10-attack\workspace\results\progress\pgd_adv_pgd_robust4_smoke20.jsonl
20:40:28 [PGD] INFO  Saved batch [3:4]; train_pool_asr=0.0000
20:40:32 [PGD] INFO  progress 5/8 (62.50%) -> C:\文件\ME\AISCI\Dr.Researcher\projects\aisafety-cifar10-attack\workspace\results\progress\pgd_adv_pgd_robust4_smoke20.jsonl
20:40:32 [PGD] INFO  Saved batch [4:5]; train_pool_asr=0.5000
20:40:35 [PGD] INFO  progress 6/8 (75.00%) -> C:\文件\ME\AISCI\Dr.Researcher\projects\aisafety-cifar10-attack\workspace\results\progress\pgd_adv_pgd_robust4_smoke20.jsonl
20:40:35 [PGD] INFO  Saved batch [5:6]; train_pool_asr=0.2500
20:40:38 [PGD] INFO  progress 7/8 (87.50%) -> C:\文件\ME\AISCI\Dr.Researcher\projects\aisafety-cifar10-attack\workspace\results\progress\pgd_adv_pgd_robust4_smoke20.jsonl
20:40:38 [PGD] INFO  Saved batch [6:7]; train_pool_asr=0.0000
20:40:41 [PGD] INFO  progress 8/8 (100.00%) -> C:\文件\ME\AISCI\Dr.Researcher\projects\aisafety-cifar10-attack\workspace\results\progress\pgd_adv_pgd_robust4_smoke20.jsonl
20:40:41 [PGD] INFO  Saved batch [7:8]; train_pool_asr=0.0000
20:40:41 [PGD] INFO  Done. 8 PNGs in workspace\results\adv_pgd_robust4_smoke20
