18:09:16 [SIT] INFO  Log file: C:\文件\ME\AISCI\Dr.Researcher\projects\aisafety-cifar10-attack\workspace\results\lowmem_probe\logs\SIT_20260611_180916.log
18:09:16 [SIT] INFO  Resume: 0/500 done
18:09:16 [SIT] INFO  device=cuda
18:09:16 [SIT] INFO  Building surrogate ensemble ...
18:09:18 [SIT] INFO    [SIT] Loading pyramidnet164_a270_bn_cifar10 ...
18:09:19 [SIT] INFO    [SIT] Loading wrn16_10_cifar10 ...
18:09:19 [SIT] INFO    [SIT] Ensemble ready (2 models)
18:09:19 [SIT] INFO  Loading data ...
18:09:22 [SIT] INFO  Images to process: 8
18:09:52 [SIT] INFO  progress 1/500 (0.20%) -> C:\文件\ME\AISCI\Dr.Researcher\projects\aisafety-cifar10-attack\workspace\results\lowmem_probe\progress\sit_adv_sit.jsonl
18:09:52 [SIT] DEBUG  Saved batch [0:1] (1 imgs)
18:10:05 [SIT] INFO  progress 2/500 (0.40%) -> C:\文件\ME\AISCI\Dr.Researcher\projects\aisafety-cifar10-attack\workspace\results\lowmem_probe\progress\sit_adv_sit.jsonl
18:10:05 [SIT] DEBUG  Saved batch [1:2] (1 imgs)
18:10:15 [SIT] INFO  progress 3/500 (0.60%) -> C:\文件\ME\AISCI\Dr.Researcher\projects\aisafety-cifar10-attack\workspace\results\lowmem_probe\progress\sit_adv_sit.jsonl
18:10:15 [SIT] DEBUG  Saved batch [2:3] (1 imgs)
18:10:23 [SIT] INFO  progress 4/500 (0.80%) -> C:\文件\ME\AISCI\Dr.Researcher\projects\aisafety-cifar10-attack\workspace\results\lowmem_probe\progress\sit_adv_sit.jsonl
18:10:23 [SIT] DEBUG  Saved batch [3:4] (1 imgs)
18:10:29 [SIT] INFO  progress 5/500 (1.00%) -> C:\文件\ME\AISCI\Dr.Researcher\projects\aisafety-cifar10-attack\workspace\results\lowmem_probe\progress\sit_adv_sit.jsonl
18:10:29 [SIT] DEBUG  Saved batch [4:5] (1 imgs)
18:10:35 [SIT] INFO  progress 6/500 (1.20%) -> C:\文件\ME\AISCI\Dr.Researcher\projects\aisafety-cifar10-attack\workspace\results\lowmem_probe\progress\sit_adv_sit.jsonl
18:10:35 [SIT] DEBUG  Saved batch [5:6] (1 imgs)
18:10:40 [SIT] INFO  progress 7/500 (1.40%) -> C:\文件\ME\AISCI\Dr.Researcher\projects\aisafety-cifar10-attack\workspace\results\lowmem_probe\progress\sit_adv_sit.jsonl
18:10:40 [SIT] DEBUG  Saved batch [6:7] (1 imgs)
18:10:47 [SIT] INFO  progress 8/500 (1.60%) -> C:\文件\ME\AISCI\Dr.Researcher\projects\aisafety-cifar10-attack\workspace\results\lowmem_probe\progress\sit_adv_sit.jsonl
18:10:47 [SIT] DEBUG  Saved batch [7:8] (1 imgs)
18:10:47 [SIT] INFO  Done. 8 images in C:\文件\ME\AISCI\Dr.Researcher\projects\aisafety-cifar10-attack\workspace\results\lowmem_probe\adv_sit
